This is pdfTeX, Version 3.14159265-2.6-1.40.15 (MiKTeX 2.9 64-bit) (preloaded format=pdflatex 2015.6.12)  6 OCT 2016 12:05
entering extended mode
**pset1.tex
(pset1.tex
LaTeX2e <2014/05/01>
Babel <3.9l> and hyphenation patterns for 68 languages loaded.
("C:\Program Files\MiKTeX 2.9\tex\latex\base\article.cls"
Document Class: article 2014/09/29 v1.4h Standard LaTeX document class
("C:\Program Files\MiKTeX 2.9\tex\latex\base\size10.clo"
File: size10.clo 2014/09/29 v1.4h Standard LaTeX file (size option)
)
\c@part=\count79
\c@section=\count80
\c@subsection=\count81
\c@subsubsection=\count82
\c@paragraph=\count83
\c@subparagraph=\count84
\c@figure=\count85
\c@table=\count86
\abovecaptionskip=\skip41
\belowcaptionskip=\skip42
\bibindent=\dimen102
)
("C:\Program Files\MiKTeX 2.9\tex\latex\amsmath\amsmath.sty"
Package: amsmath 2013/01/14 v2.14 AMS math features
\@mathmargin=\skip43

For additional information on amsmath, use the `?' option.
("C:\Program Files\MiKTeX 2.9\tex\latex\amsmath\amstext.sty"
Package: amstext 2000/06/29 v2.01

("C:\Program Files\MiKTeX 2.9\tex\latex\amsmath\amsgen.sty"
File: amsgen.sty 1999/11/30 v2.0
\@emptytoks=\toks14
\ex@=\dimen103
))
("C:\Program Files\MiKTeX 2.9\tex\latex\amsmath\amsbsy.sty"
Package: amsbsy 1999/11/29 v1.2d
\pmbraise@=\dimen104
)
("C:\Program Files\MiKTeX 2.9\tex\latex\amsmath\amsopn.sty"
Package: amsopn 1999/12/14 v2.01 operator names
)
\inf@bad=\count87
LaTeX Info: Redefining \frac on input line 210.
\uproot@=\count88
\leftroot@=\count89
LaTeX Info: Redefining \overline on input line 306.
\classnum@=\count90
\DOTSCASE@=\count91
LaTeX Info: Redefining \ldots on input line 378.
LaTeX Info: Redefining \dots on input line 381.
LaTeX Info: Redefining \cdots on input line 466.
\Mathstrutbox@=\box26
\strutbox@=\box27
\big@size=\dimen105
LaTeX Font Info:    Redeclaring font encoding OML on input line 566.
LaTeX Font Info:    Redeclaring font encoding OMS on input line 567.
\macc@depth=\count92
\c@MaxMatrixCols=\count93
\dotsspace@=\muskip10
\c@parentequation=\count94
\dspbrk@lvl=\count95
\tag@help=\toks15
\row@=\count96
\column@=\count97
\maxfields@=\count98
\andhelp@=\toks16
\eqnshift@=\dimen106
\alignsep@=\dimen107
\tagshift@=\dimen108
\tagwidth@=\dimen109
\totwidth@=\dimen110
\lineht@=\dimen111
\@envbody=\toks17
\multlinegap=\skip44
\multlinetaggap=\skip45
\mathdisplay@stack=\toks18
LaTeX Info: Redefining \[ on input line 2665.
LaTeX Info: Redefining \] on input line 2666.
)
("C:\Program Files\MiKTeX 2.9\tex\latex\graphics\graphicx.sty"
Package: graphicx 2014/10/28 v1.0g Enhanced LaTeX Graphics (DPC,SPQR)

("C:\Program Files\MiKTeX 2.9\tex\latex\graphics\keyval.sty"
Package: keyval 2014/10/28 v1.15 key=value parser (DPC)
\KV@toks@=\toks19
)
("C:\Program Files\MiKTeX 2.9\tex\latex\graphics\graphics.sty"
Package: graphics 2014/10/28 v1.0p Standard LaTeX Graphics (DPC,SPQR)

("C:\Program Files\MiKTeX 2.9\tex\latex\graphics\trig.sty"
Package: trig 1999/03/16 v1.09 sin cos tan (DPC)
)
("C:\Program Files\MiKTeX 2.9\tex\latex\00miktex\graphics.cfg"
File: graphics.cfg 2007/01/18 v1.5 graphics configuration of teTeX/TeXLive
)
Package graphics Info: Driver file: pdftex.def on input line 91.

("C:\Program Files\MiKTeX 2.9\tex\latex\pdftex-def\pdftex.def"
File: pdftex.def 2011/05/27 v0.06d Graphics/color for pdfTeX

("C:\Program Files\MiKTeX 2.9\tex\generic\oberdiek\infwarerr.sty"
Package: infwarerr 2010/04/08 v1.3 Providing info/warning/error messages (HO)
)
("C:\Program Files\MiKTeX 2.9\tex\generic\oberdiek\ltxcmds.sty"
Package: ltxcmds 2011/11/09 v1.22 LaTeX kernel commands for general use (HO)
)
\Gread@gobject=\count99
))
\Gin@req@height=\dimen112
\Gin@req@width=\dimen113
) (pset1.aux)
LaTeX Font Info:    Checking defaults for OML/cmm/m/it on input line 8.
LaTeX Font Info:    ... okay on input line 8.
LaTeX Font Info:    Checking defaults for T1/cmr/m/n on input line 8.
LaTeX Font Info:    ... okay on input line 8.
LaTeX Font Info:    Checking defaults for OT1/cmr/m/n on input line 8.
LaTeX Font Info:    ... okay on input line 8.
LaTeX Font Info:    Checking defaults for OMS/cmsy/m/n on input line 8.
LaTeX Font Info:    ... okay on input line 8.
LaTeX Font Info:    Checking defaults for OMX/cmex/m/n on input line 8.
LaTeX Font Info:    ... okay on input line 8.
LaTeX Font Info:    Checking defaults for U/cmr/m/n on input line 8.
LaTeX Font Info:    ... okay on input line 8.
("C:\Program Files\MiKTeX 2.9\tex\context\base\supp-pdf.mkii"
[Loading MPS to PDF converter (version 2006.09.02).]
\scratchcounter=\count100
\scratchdimen=\dimen114
\scratchbox=\box28
\nofMPsegments=\count101
\nofMParguments=\count102
\everyMPshowfont=\toks20
\MPscratchCnt=\count103
\MPscratchDim=\dimen115
\MPnumerator=\count104
\makeMPintoPDFobject=\count105
\everyMPtoPDFconversion=\toks21
) [1

{C:/ProgramData/MiKTeX/2.9/pdftex/config/pdftex.map}]
LaTeX Font Info:    Try loading font information for OML+cmr on input line 16.

("C:\Program Files\MiKTeX 2.9\tex\latex\base\omlcmr.fd"
File: omlcmr.fd 2014/09/29 v2.5h Standard LaTeX font definitions
)
LaTeX Font Info:    Font shape `OML/cmr/m/n' in size <10> not available
(Font)              Font shape `OML/cmm/m/it' tried instead on input line 16.

Overfull \hbox (6.69423pt too wide) in paragraph at lines 16--31
\OT1/cmr/m/n/10 E = 0.014003698, []0.054311176, []0.004744255, \OML/cmm/m/it/10
 \OT1/cmr/m/n/10 -0.046776593,[]0.044269689 
 []


Underfull \hbox (badness 10000) in paragraph at lines 16--31

 []


Underfull \hbox (badness 10000) in paragraph at lines 16--31

 []


Underfull \hbox (badness 10000) in paragraph at lines 16--31

 []


Underfull \hbox (badness 10000) in paragraph at lines 33--42

 []


Underfull \hbox (badness 10000) in paragraph at lines 33--42

 []


Underfull \hbox (badness 10000) in paragraph at lines 43--53

 []


Underfull \hbox (badness 10000) in paragraph at lines 53--68

 []

[2] <t1_10.png, id=16, 459.7175pt x 539.01375pt>
File: t1_10.png Graphic file (type png)
 <use t1_10.png>
Package pdftex.def Info: t1_10.png used on input line 70.
(pdftex.def)             Requested size: 229.85818pt x 269.50621pt.

<t2_10.png, id=17, 459.7175pt x 539.01375pt>
File: t2_10.png Graphic file (type png)
 <use t2_10.png>
Package pdftex.def Info: t2_10.png used on input line 71.
(pdftex.def)             Requested size: 229.85818pt x 269.50621pt.

<t1_20.png, id=18, 459.7175pt x 539.01375pt>
File: t1_20.png Graphic file (type png)
 <use t1_20.png>
Package pdftex.def Info: t1_20.png used on input line 74.
(pdftex.def)             Requested size: 229.85818pt x 269.50621pt.

<t2_20.png, id=19, 459.7175pt x 539.01375pt>
File: t2_20.png Graphic file (type png)
 <use t2_20.png>
Package pdftex.def Info: t2_20.png used on input line 75.
(pdftex.def)             Requested size: 229.85818pt x 269.50621pt.

<t1_100.png, id=20, 459.7175pt x 539.01375pt>
File: t1_100.png Graphic file (type png)
 <use t1_100.png>
Package pdftex.def Info: t1_100.png used on input line 78.
(pdftex.def)             Requested size: 229.85818pt x 269.50621pt.

<t2_100.png, id=21, 459.7175pt x 539.01375pt>
File: t2_100.png Graphic file (type png)
 <use t2_100.png>
Package pdftex.def Info: t2_100.png used on input line 79.
(pdftex.def)             Requested size: 229.85818pt x 269.50621pt.

<t1_1000.png, id=22, 459.7175pt x 539.01375pt>
File: t1_1000.png Graphic file (type png)
 <use t1_1000.png>
Package pdftex.def Info: t1_1000.png used on input line 82.
(pdftex.def)             Requested size: 229.85818pt x 269.50621pt.

<t2_1000.png, id=23, 459.7175pt x 539.01375pt>
File: t2_1000.png Graphic file (type png)
 <use t2_1000.png>
Package pdftex.def Info: t2_1000.png used on input line 83.
(pdftex.def)             Requested size: 229.85818pt x 269.50621pt.
 [3 <./t1_10.png>] [4 <./t2_10.png>] [5 <./t1_20.png> <./t2_20.png>] [6 <./t1_1
00.png>]
[7 <./t2_100.png>]
Underfull \hbox (badness 10000) in paragraph at lines 87--93

 []

[8 <./t1_1000.png> <./t2_1000.png>]
Underfull \hbox (badness 10000) in paragraph at lines 97--102

 []

<scatterplot.png, id=51, 459.7175pt x 539.01375pt>
File: scatterplot.png Graphic file (type png)
 <use scatterplot.png>
Package pdftex.def Info: scatterplot.png used on input line 103.
(pdftex.def)             Requested size: 459.71637pt x 539.01242pt.

Overfull \hbox (161.7164pt too wide) in paragraph at lines 103--104
 [] 
 []

[9]
Underfull \hbox (badness 10000) in paragraph at lines 107--108

 []

[10 <./scatterplot.png>]
Underfull \hbox (badness 10000) in paragraph at lines 111--123

 []


Underfull \hbox (badness 10000) in paragraph at lines 111--123

 []


Underfull \hbox (badness 10000) in paragraph at lines 123--129

 []


Underfull \hbox (badness 10000) in paragraph at lines 123--129

 []


Underfull \hbox (badness 10000) in paragraph at lines 131--136

 []

[11] (pset1.aux) ) 
Here is how much of TeX's memory you used:
 1785 strings out of 493698
 22116 string characters out of 3144412
 81380 words of memory out of 3000000
 5125 multiletter control sequences out of 15000+200000
 7803 words of font info for 29 fonts, out of 3000000 for 9000
 1025 hyphenation exceptions out of 8191
 27i,6n,20p,583b,322s stack positions out of 5000i,500n,10000p,200000b,50000s
<C:/Program Files/MiKTeX 2.9/fonts/type1/public/amsfonts/cm/c
mmi10.pfb><C:/Program Files/MiKTeX 2.9/fonts/type1/public/amsfonts/cm/cmmi7.pfb
><C:/Program Files/MiKTeX 2.9/fonts/type1/public/amsfonts/cm/cmr10.pfb><C:/Prog
ram Files/MiKTeX 2.9/fonts/type1/public/amsfonts/cm/cmr12.pfb><C:/Program Files
/MiKTeX 2.9/fonts/type1/public/amsfonts/cm/cmr17.pfb><C:/Program Files/MiKTeX 2
.9/fonts/type1/public/amsfonts/cm/cmr7.pfb><C:/Program Files/MiKTeX 2.9/fonts/t
ype1/public/amsfonts/cm/cmsy10.pfb><C:/Program Files/MiKTeX 2.9/fonts/type1/pub
lic/amsfonts/cm/cmsy7.pfb>
Output written on pset1.pdf (11 pages, 132278 bytes).
PDF statistics:
 88 PDF objects out of 1000 (max. 8388607)
 0 named destinations out of 1000 (max. 500000)
 46 words of extra memory for PDF output out of 10000 (max. 10000000)

